Base path: /Applications/Unity/Unity.app/Contents
Pipe name: \\.\pipe\UnityShaderCompiler-1--1605410348
Cmd: getPlatforms
Cmd: preprocess
  insize=195 outsize=195 ok=1
Cmd: preprocess
  insize=1074 outsize=1444 ok=1
Cmd: compileSnippet
  api=0 type=0 insize=4464 outsize=951 kw=DIRECTIONAL LIGHTMAP_OFF DIRLIGHTMAP_OFF ok=1
Cmd: compileSnippet
  api=0 type=1 insize=4464 outsize=396 kw=DIRECTIONAL LIGHTMAP_OFF DIRLIGHTMAP_OFF ok=1
Cmd: compileSnippet
  api=0 type=0 insize=2397 outsize=849 kw=POINT ok=1
Cmd: compileSnippet
  api=0 type=1 insize=2397 outsize=564 kw=POINT ok=1
Cmd: preprocess
  insize=1080 outsize=1450 ok=1
Cmd: preprocess
  insize=1433 outsize=763 ok=1
Cmd: compileSnippet
  api=0 type=0 insize=972 outsize=360 kw= ok=1
Cmd: compileSnippet
  api=0 type=1 insize=972 outsize=178 kw= ok=1
Cmd: preprocess
  insize=1471 outsize=803 ok=1
Cmd: compileSnippet
  api=0 type=0 insize=970 outsize=360 kw= ok=1
Cmd: compileSnippet
  api=0 type=1 insize=970 outsize=178 kw= ok=1
Cmd: preprocess
  insize=187 outsize=187 ok=1
Cmd: preprocess
  insize=1494 outsize=826 ok=1
Cmd: preprocess
  insize=1376 outsize=708 ok=1
Cmd: preprocess
  insize=1041 outsize=1746 ok=1
Cmd: compileSnippet
  api=0 type=0 insize=4531 outsize=951 kw=DIRECTIONAL SHADOWS_OFF LIGHTMAP_OFF DIRLIGHTMAP_OFF ok=1
Cmd: compileSnippet
  api=0 type=1 insize=4531 outsize=430 kw=DIRECTIONAL SHADOWS_OFF LIGHTMAP_OFF DIRLIGHTMAP_OFF ok=1
Cmd: compileSnippet
  api=0 type=0 insize=2469 outsize=849 kw=POINT ok=1
Cmd: compileSnippet
  api=0 type=1 insize=2469 outsize=602 kw=POINT ok=1
Cmd: compileSnippet
  api=0 type=0 insize=2128 outsize=557 kw= ok=1
Cmd: compileSnippet
  api=0 type=1 insize=2128 outsize=309 kw= ok=1
Cmd: compileSnippet
  api=0 type=0 insize=4206 outsize=937 kw=LIGHTMAP_OFF DIRLIGHTMAP_OFF HDR_LIGHT_PREPASS_OFF ok=1
Cmd: compileSnippet
  api=0 type=1 insize=4206 outsize=402 kw=LIGHTMAP_OFF DIRLIGHTMAP_OFF HDR_LIGHT_PREPASS_OFF ok=1
Cmd: preprocess
  insize=1264 outsize=516 ok=1
Cmd: compileSnippet
  api=0 type=0 insize=1050 outsize=360 kw= ok=1
Cmd: compileSnippet
  api=0 type=1 insize=1050 outsize=272 kw= ok=1
Cmd: preprocess
  insize=901 outsize=1618 ok=1
Cmd: compileSnippet
  api=0 type=0 insize=4410 outsize=951 kw=DIRECTIONAL SHADOWS_OFF LIGHTMAP_OFF DIRLIGHTMAP_OFF ok=1
Cmd: compileSnippet
  api=0 type=1 insize=4410 outsize=408 kw=DIRECTIONAL SHADOWS_OFF LIGHTMAP_OFF DIRLIGHTMAP_OFF ok=1
Cmd: compileSnippet
  api=0 type=0 insize=2361 outsize=849 kw=POINT ok=1
Cmd: compileSnippet
  api=0 type=1 insize=2361 outsize=576 kw=POINT ok=1
Cmd: compileSnippet
  api=0 type=0 insize=1816 outsize=457 kw= ok=1
Cmd: compileSnippet
  api=0 type=1 insize=1816 outsize=159 kw= ok=1
Cmd: compileSnippet
  api=0 type=0 insize=4102 outsize=937 kw=LIGHTMAP_OFF DIRLIGHTMAP_OFF HDR_LIGHT_PREPASS_OFF ok=1
Cmd: compileSnippet
  api=0 type=1 insize=4102 outsize=369 kw=LIGHTMAP_OFF DIRLIGHTMAP_OFF HDR_LIGHT_PREPASS_OFF ok=1
Cmd: preprocess
  insize=1777 outsize=986 ok=1
Cmd: compileSnippet
  api=0 type=0 insize=1093 outsize=412 kw= ok=1
Cmd: compileSnippet
  api=0 type=1 insize=1093 outsize=254 kw= ok=1
Cmd: preprocess
  insize=1486 outsize=818 ok=1
Cmd: compileSnippet
  api=0 type=0 insize=969 outsize=360 kw= ok=1
Cmd: compileSnippet
  api=0 type=1 insize=969 outsize=178 kw= ok=1
